[2023-09-13T07:38:28.708+0000] {taskinstance.py:1103} INFO - Dependencies all met for dep_context=non-requeueable deps ti=<TaskInstance: weather_data.extract_data scheduled__2023-08-16T00:00:00+00:00 [queued]>
[2023-09-13T07:38:28.746+0000] {taskinstance.py:1103} INFO - Dependencies all met for dep_context=requeueable deps ti=<TaskInstance: weather_data.extract_data scheduled__2023-08-16T00:00:00+00:00 [queued]>
[2023-09-13T07:38:28.750+0000] {taskinstance.py:1308} INFO - Starting attempt 1 of 1
[2023-09-13T07:38:28.835+0000] {taskinstance.py:1327} INFO - Executing <Task(PythonOperator): extract_data> on 2023-08-16 00:00:00+00:00
[2023-09-13T07:38:28.855+0000] {standard_task_runner.py:57} INFO - Started process 98 to run task
[2023-09-13T07:38:28.876+0000] {standard_task_runner.py:84} INFO - Running: ['***', 'tasks', 'run', 'weather_data', 'extract_data', 'scheduled__2023-08-16T00:00:00+00:00', '--job-id', '20', '--raw', '--subdir', 'DAGS_FOLDER/weather_dag.py', '--cfg-path', '/tmp/tmpklw8aye1']
[2023-09-13T07:38:28.893+0000] {standard_task_runner.py:85} INFO - Job 20: Subtask extract_data
[2023-09-13T07:38:29.096+0000] {task_command.py:410} INFO - Running <TaskInstance: weather_data.extract_data scheduled__2023-08-16T00:00:00+00:00 [running]> on host 190733975a8f
[2023-09-13T07:38:29.323+0000] {taskinstance.py:1547} INFO - Exporting env vars: AIRFLOW_CTX_DAG_OWNER='***' AIRFLOW_CTX_DAG_ID='weather_data' AIRFLOW_CTX_TASK_ID='extract_data' AIRFLOW_CTX_EXECUTION_DATE='2023-08-16T00:00:00+00:00' AIRFLOW_CTX_TRY_NUMBER='1' AIRFLOW_CTX_DAG_RUN_ID='scheduled__2023-08-16T00:00:00+00:00'
[2023-09-13T07:38:29.616+0000] {python.py:183} INFO - Done. Returned value was: None
[2023-09-13T07:38:29.626+0000] {taskinstance.py:1350} INFO - Marking task as SUCCESS. dag_id=weather_data, task_id=extract_data, execution_date=20230816T000000, start_date=20230913T073828, end_date=20230913T073829
[2023-09-13T07:38:29.677+0000] {local_task_job_runner.py:225} INFO - Task exited with return code 0
[2023-09-13T07:38:29.696+0000] {taskinstance.py:2653} INFO - 0 downstream tasks scheduled from follow-on schedule check
[2023-09-15T11:31:06.125+0000] {taskinstance.py:1103} INFO - Dependencies all met for dep_context=non-requeueable deps ti=<TaskInstance: weather_data.extract_data scheduled__2023-08-16T00:00:00+00:00 [queued]>
[2023-09-15T11:31:06.170+0000] {taskinstance.py:1103} INFO - Dependencies all met for dep_context=requeueable deps ti=<TaskInstance: weather_data.extract_data scheduled__2023-08-16T00:00:00+00:00 [queued]>
[2023-09-15T11:31:06.171+0000] {taskinstance.py:1308} INFO - Starting attempt 1 of 1
[2023-09-15T11:31:06.209+0000] {taskinstance.py:1327} INFO - Executing <Task(PythonOperator): extract_data> on 2023-08-16 00:00:00+00:00
[2023-09-15T11:31:06.221+0000] {standard_task_runner.py:57} INFO - Started process 323 to run task
[2023-09-15T11:31:06.268+0000] {standard_task_runner.py:84} INFO - Running: ['***', 'tasks', 'run', 'weather_data', 'extract_data', 'scheduled__2023-08-16T00:00:00+00:00', '--job-id', '7', '--raw', '--subdir', 'DAGS_FOLDER/weather_dag.py', '--cfg-path', '/tmp/tmp675sny7_']
[2023-09-15T11:31:06.279+0000] {standard_task_runner.py:85} INFO - Job 7: Subtask extract_data
[2023-09-15T11:31:06.726+0000] {task_command.py:410} INFO - Running <TaskInstance: weather_data.extract_data scheduled__2023-08-16T00:00:00+00:00 [running]> on host 4af8904e631c
[2023-09-15T11:31:07.059+0000] {taskinstance.py:1547} INFO - Exporting env vars: AIRFLOW_CTX_DAG_OWNER='***' AIRFLOW_CTX_DAG_ID='weather_data' AIRFLOW_CTX_TASK_ID='extract_data' AIRFLOW_CTX_EXECUTION_DATE='2023-08-16T00:00:00+00:00' AIRFLOW_CTX_TRY_NUMBER='1' AIRFLOW_CTX_DAG_RUN_ID='scheduled__2023-08-16T00:00:00+00:00'
[2023-09-15T11:31:07.676+0000] {python.py:183} INFO - Done. Returned value was: None
[2023-09-15T11:31:07.714+0000] {taskinstance.py:1350} INFO - Marking task as SUCCESS. dag_id=weather_data, task_id=extract_data, execution_date=20230816T000000, start_date=20230915T113106, end_date=20230915T113107
[2023-09-15T11:31:07.903+0000] {local_task_job_runner.py:225} INFO - Task exited with return code 0
[2023-09-15T11:31:08.000+0000] {taskinstance.py:2653} INFO - 0 downstream tasks scheduled from follow-on schedule check
