[2023-09-19T09:54:37.971+0000] {taskinstance.py:1157} INFO - Dependencies all met for dep_context=non-requeueable deps ti=<TaskInstance: weather_data.extract_data manual__2023-09-19T09:54:36.361649+00:00 [queued]>
[2023-09-19T09:54:37.976+0000] {taskinstance.py:1157} INFO - Dependencies all met for dep_context=requeueable deps ti=<TaskInstance: weather_data.extract_data manual__2023-09-19T09:54:36.361649+00:00 [queued]>
[2023-09-19T09:54:37.976+0000] {taskinstance.py:1359} INFO - Starting attempt 1 of 1
[2023-09-19T09:54:37.982+0000] {taskinstance.py:1380} INFO - Executing <Task(PythonOperator): extract_data> on 2023-09-19 09:54:36.361649+00:00
[2023-09-19T09:54:37.986+0000] {standard_task_runner.py:57} INFO - Started process 910 to run task
[2023-09-19T09:54:37.989+0000] {standard_task_runner.py:84} INFO - Running: ['***', 'tasks', 'run', 'weather_data', 'extract_data', 'manual__2023-09-19T09:54:36.361649+00:00', '--job-id', '72', '--raw', '--subdir', 'DAGS_FOLDER/weather_dag.py', '--cfg-path', '/tmp/tmpddkdeni5']
[2023-09-19T09:54:37.990+0000] {standard_task_runner.py:85} INFO - Job 72: Subtask extract_data
[2023-09-19T09:54:38.019+0000] {task_command.py:415} INFO - Running <TaskInstance: weather_data.extract_data manual__2023-09-19T09:54:36.361649+00:00 [running]> on host 12ae14f8feaf
[2023-09-19T09:54:38.062+0000] {taskinstance.py:1660} INFO - Exporting env vars: AIRFLOW_CTX_DAG_OWNER='***' AIRFLOW_CTX_DAG_ID='weather_data' AIRFLOW_CTX_TASK_ID='extract_data' AIRFLOW_CTX_EXECUTION_DATE='2023-09-19T09:54:36.361649+00:00' AIRFLOW_CTX_TRY_NUMBER='1' AIRFLOW_CTX_DAG_RUN_ID='manual__2023-09-19T09:54:36.361649+00:00'
[2023-09-19T09:54:38.371+0000] {logging_mixin.py:151} INFO - [{'coord': {'lon': -0.1257, 'lat': 51.5085}, 'weather': [{'id': 500, 'main': 'Rain', 'description': 'light rain', 'icon': '10d'}], 'base': 'stations', 'main': {'temp': 17.27, 'feels_like': 17.19, 'temp_min': 16.11, 'temp_max': 18.33, 'pressure': 1004, 'humidity': 82}, 'visibility': 10000, 'wind': {'speed': 8.23, 'deg': 230, 'gust': 14.4}, 'rain': {'1h': 0.45}, 'clouds': {'all': 100}, 'dt': 1695116668, 'sys': {'type': 2, 'id': 2075535, 'country': 'GB', 'sunrise': 1695102067, 'sunset': 1695146876}, 'timezone': 3600, 'id': 2643743, 'name': 'London', 'cod': 200}, {'coord': {'lon': 13.4105, 'lat': 52.5244}, 'weather': [{'id': 801, 'main': 'Clouds', 'description': 'few clouds', 'icon': '02d'}], 'base': 'stations', 'main': {'temp': 19.5, 'feels_like': 19.05, 'temp_min': 17.83, 'temp_max': 22.21, 'pressure': 1008, 'humidity': 59}, 'visibility': 10000, 'wind': {'speed': 9.26, 'deg': 260}, 'clouds': {'all': 20}, 'dt': 1695116692, 'sys': {'type': 2, 'id': 2011538, 'country': 'DE', 'sunrise': 1695098789, 'sunset': 1695143658}, 'timezone': 7200, 'id': 2950159, 'name': 'Berlin', 'cod': 200}]
[2023-09-19T09:54:38.375+0000] {taskinstance.py:1935} ERROR - Task failed with exception
Traceback (most recent call last):
  File "/home/airflow/.local/lib/python3.8/site-packages/airflow/operators/python.py", line 192, in execute
    return_value = self.execute_callable()
  File "/home/airflow/.local/lib/python3.8/site-packages/airflow/operators/python.py", line 209, in execute_callable
    return self.python_callable(*self.op_args, **self.op_kwargs)
  File "/opt/airflow/dags/data.py", line 30, in download_data
    save_data(data, extraction_timestamp)
  File "/opt/airflow/dags/data.py", line 47, in save_data
    with open("../files/weather.json", "a") as f:
FileNotFoundError: [Errno 2] No such file or directory: '../files/weather.json'
[2023-09-19T09:54:38.380+0000] {taskinstance.py:1398} INFO - Marking task as FAILED. dag_id=weather_data, task_id=extract_data, execution_date=20230919T095436, start_date=20230919T095437, end_date=20230919T095438
[2023-09-19T09:54:38.387+0000] {standard_task_runner.py:104} ERROR - Failed to execute job 72 for task extract_data ([Errno 2] No such file or directory: '../files/weather.json'; 910)
[2023-09-19T09:54:38.404+0000] {local_task_job_runner.py:228} INFO - Task exited with return code 1
[2023-09-19T09:54:38.420+0000] {taskinstance.py:2776} INFO - 0 downstream tasks scheduled from follow-on schedule check
