[2023-09-13T07:38:28.345+0000] {taskinstance.py:1103} INFO - Dependencies all met for dep_context=non-requeueable deps ti=<TaskInstance: weather_data.extract_data scheduled__2023-08-14T00:00:00+00:00 [queued]>
[2023-09-13T07:38:28.371+0000] {taskinstance.py:1103} INFO - Dependencies all met for dep_context=requeueable deps ti=<TaskInstance: weather_data.extract_data scheduled__2023-08-14T00:00:00+00:00 [queued]>
[2023-09-13T07:38:28.372+0000] {taskinstance.py:1308} INFO - Starting attempt 1 of 1
[2023-09-13T07:38:28.434+0000] {taskinstance.py:1327} INFO - Executing <Task(PythonOperator): extract_data> on 2023-08-14 00:00:00+00:00
[2023-09-13T07:38:28.454+0000] {standard_task_runner.py:57} INFO - Started process 90 to run task
[2023-09-13T07:38:28.468+0000] {standard_task_runner.py:84} INFO - Running: ['***', 'tasks', 'run', 'weather_data', 'extract_data', 'scheduled__2023-08-14T00:00:00+00:00', '--job-id', '21', '--raw', '--subdir', 'DAGS_FOLDER/weather_dag.py', '--cfg-path', '/tmp/tmpgagj50pi']
[2023-09-13T07:38:28.484+0000] {standard_task_runner.py:85} INFO - Job 21: Subtask extract_data
[2023-09-13T07:38:28.742+0000] {task_command.py:410} INFO - Running <TaskInstance: weather_data.extract_data scheduled__2023-08-14T00:00:00+00:00 [running]> on host 190733975a8f
[2023-09-13T07:38:29.069+0000] {taskinstance.py:1547} INFO - Exporting env vars: AIRFLOW_CTX_DAG_OWNER='***' AIRFLOW_CTX_DAG_ID='weather_data' AIRFLOW_CTX_TASK_ID='extract_data' AIRFLOW_CTX_EXECUTION_DATE='2023-08-14T00:00:00+00:00' AIRFLOW_CTX_TRY_NUMBER='1' AIRFLOW_CTX_DAG_RUN_ID='scheduled__2023-08-14T00:00:00+00:00'
[2023-09-13T07:38:29.346+0000] {python.py:183} INFO - Done. Returned value was: None
[2023-09-13T07:38:29.365+0000] {taskinstance.py:1350} INFO - Marking task as SUCCESS. dag_id=weather_data, task_id=extract_data, execution_date=20230814T000000, start_date=20230913T073828, end_date=20230913T073829
[2023-09-13T07:38:29.421+0000] {local_task_job_runner.py:225} INFO - Task exited with return code 0
[2023-09-13T07:38:29.442+0000] {taskinstance.py:2653} INFO - 0 downstream tasks scheduled from follow-on schedule check
[2023-09-15T11:31:06.259+0000] {taskinstance.py:1103} INFO - Dependencies all met for dep_context=non-requeueable deps ti=<TaskInstance: weather_data.extract_data scheduled__2023-08-14T00:00:00+00:00 [queued]>
[2023-09-15T11:31:06.302+0000] {taskinstance.py:1103} INFO - Dependencies all met for dep_context=requeueable deps ti=<TaskInstance: weather_data.extract_data scheduled__2023-08-14T00:00:00+00:00 [queued]>
[2023-09-15T11:31:06.311+0000] {taskinstance.py:1308} INFO - Starting attempt 1 of 1
[2023-09-15T11:31:06.428+0000] {taskinstance.py:1327} INFO - Executing <Task(PythonOperator): extract_data> on 2023-08-14 00:00:00+00:00
[2023-09-15T11:31:06.458+0000] {standard_task_runner.py:57} INFO - Started process 324 to run task
[2023-09-15T11:31:06.507+0000] {standard_task_runner.py:84} INFO - Running: ['***', 'tasks', 'run', 'weather_data', 'extract_data', 'scheduled__2023-08-14T00:00:00+00:00', '--job-id', '9', '--raw', '--subdir', 'DAGS_FOLDER/weather_dag.py', '--cfg-path', '/tmp/tmpyv02fwo5']
[2023-09-15T11:31:06.531+0000] {standard_task_runner.py:85} INFO - Job 9: Subtask extract_data
[2023-09-15T11:31:06.759+0000] {task_command.py:410} INFO - Running <TaskInstance: weather_data.extract_data scheduled__2023-08-14T00:00:00+00:00 [running]> on host 4af8904e631c
[2023-09-15T11:31:07.169+0000] {taskinstance.py:1547} INFO - Exporting env vars: AIRFLOW_CTX_DAG_OWNER='***' AIRFLOW_CTX_DAG_ID='weather_data' AIRFLOW_CTX_TASK_ID='extract_data' AIRFLOW_CTX_EXECUTION_DATE='2023-08-14T00:00:00+00:00' AIRFLOW_CTX_TRY_NUMBER='1' AIRFLOW_CTX_DAG_RUN_ID='scheduled__2023-08-14T00:00:00+00:00'
[2023-09-15T11:31:07.753+0000] {python.py:183} INFO - Done. Returned value was: None
[2023-09-15T11:31:07.779+0000] {taskinstance.py:1350} INFO - Marking task as SUCCESS. dag_id=weather_data, task_id=extract_data, execution_date=20230814T000000, start_date=20230915T113106, end_date=20230915T113107
[2023-09-15T11:31:07.886+0000] {local_task_job_runner.py:225} INFO - Task exited with return code 0
[2023-09-15T11:31:07.941+0000] {taskinstance.py:2653} INFO - 0 downstream tasks scheduled from follow-on schedule check
