[2023-09-15T00:36:57.816+0000] {taskinstance.py:1103} INFO - Dependencies all met for dep_context=non-requeueable deps ti=<TaskInstance: weather_data.extract_data scheduled__2023-09-14T00:00:00+00:00 [queued]>
[2023-09-15T00:36:57.823+0000] {taskinstance.py:1103} INFO - Dependencies all met for dep_context=requeueable deps ti=<TaskInstance: weather_data.extract_data scheduled__2023-09-14T00:00:00+00:00 [queued]>
[2023-09-15T00:36:57.824+0000] {taskinstance.py:1308} INFO - Starting attempt 1 of 1
[2023-09-15T00:36:57.834+0000] {taskinstance.py:1327} INFO - Executing <Task(PythonOperator): extract_data> on 2023-09-14 00:00:00+00:00
[2023-09-15T00:36:57.839+0000] {standard_task_runner.py:57} INFO - Started process 13898 to run task
[2023-09-15T00:36:57.844+0000] {standard_task_runner.py:84} INFO - Running: ['***', 'tasks', 'run', 'weather_data', 'extract_data', 'scheduled__2023-09-14T00:00:00+00:00', '--job-id', '44', '--raw', '--subdir', 'DAGS_FOLDER/weather_dag.py', '--cfg-path', '/tmp/tmpsu398fjh']
[2023-09-15T00:36:57.845+0000] {standard_task_runner.py:85} INFO - Job 44: Subtask extract_data
[2023-09-15T00:36:57.896+0000] {task_command.py:410} INFO - Running <TaskInstance: weather_data.extract_data scheduled__2023-09-14T00:00:00+00:00 [running]> on host 190733975a8f
[2023-09-15T00:36:57.982+0000] {taskinstance.py:1547} INFO - Exporting env vars: AIRFLOW_CTX_DAG_OWNER='***' AIRFLOW_CTX_DAG_ID='weather_data' AIRFLOW_CTX_TASK_ID='extract_data' AIRFLOW_CTX_EXECUTION_DATE='2023-09-14T00:00:00+00:00' AIRFLOW_CTX_TRY_NUMBER='1' AIRFLOW_CTX_DAG_RUN_ID='scheduled__2023-09-14T00:00:00+00:00'
[2023-09-15T00:36:58.274+0000] {python.py:183} INFO - Done. Returned value was: None
[2023-09-15T00:36:58.289+0000] {taskinstance.py:1350} INFO - Marking task as SUCCESS. dag_id=weather_data, task_id=extract_data, execution_date=20230914T000000, start_date=20230915T003657, end_date=20230915T003658
[2023-09-15T00:36:58.338+0000] {local_task_job_runner.py:225} INFO - Task exited with return code 0
[2023-09-15T00:36:58.354+0000] {taskinstance.py:2653} INFO - 0 downstream tasks scheduled from follow-on schedule check
[2023-09-15T11:31:23.975+0000] {taskinstance.py:1103} INFO - Dependencies all met for dep_context=non-requeueable deps ti=<TaskInstance: weather_data.extract_data scheduled__2023-09-14T00:00:00+00:00 [queued]>
[2023-09-15T11:31:23.981+0000] {taskinstance.py:1103} INFO - Dependencies all met for dep_context=requeueable deps ti=<TaskInstance: weather_data.extract_data scheduled__2023-09-14T00:00:00+00:00 [queued]>
[2023-09-15T11:31:23.982+0000] {taskinstance.py:1308} INFO - Starting attempt 1 of 1
[2023-09-15T11:31:23.992+0000] {taskinstance.py:1327} INFO - Executing <Task(PythonOperator): extract_data> on 2023-09-14 00:00:00+00:00
[2023-09-15T11:31:23.997+0000] {standard_task_runner.py:57} INFO - Started process 398 to run task
[2023-09-15T11:31:24.002+0000] {standard_task_runner.py:84} INFO - Running: ['***', 'tasks', 'run', 'weather_data', 'extract_data', 'scheduled__2023-09-14T00:00:00+00:00', '--job-id', '36', '--raw', '--subdir', 'DAGS_FOLDER/weather_dag.py', '--cfg-path', '/tmp/tmpl0s1_mb_']
[2023-09-15T11:31:24.003+0000] {standard_task_runner.py:85} INFO - Job 36: Subtask extract_data
[2023-09-15T11:31:24.056+0000] {task_command.py:410} INFO - Running <TaskInstance: weather_data.extract_data scheduled__2023-09-14T00:00:00+00:00 [running]> on host 4af8904e631c
[2023-09-15T11:31:24.147+0000] {taskinstance.py:1547} INFO - Exporting env vars: AIRFLOW_CTX_DAG_OWNER='***' AIRFLOW_CTX_DAG_ID='weather_data' AIRFLOW_CTX_TASK_ID='extract_data' AIRFLOW_CTX_EXECUTION_DATE='2023-09-14T00:00:00+00:00' AIRFLOW_CTX_TRY_NUMBER='1' AIRFLOW_CTX_DAG_RUN_ID='scheduled__2023-09-14T00:00:00+00:00'
[2023-09-15T11:31:24.397+0000] {python.py:183} INFO - Done. Returned value was: None
[2023-09-15T11:31:24.409+0000] {taskinstance.py:1350} INFO - Marking task as SUCCESS. dag_id=weather_data, task_id=extract_data, execution_date=20230914T000000, start_date=20230915T113123, end_date=20230915T113124
[2023-09-15T11:31:24.460+0000] {local_task_job_runner.py:225} INFO - Task exited with return code 0
[2023-09-15T11:31:24.481+0000] {taskinstance.py:2653} INFO - 0 downstream tasks scheduled from follow-on schedule check
