[2023-09-13T07:38:28.626+0000] {taskinstance.py:1103} INFO - Dependencies all met for dep_context=non-requeueable deps ti=<TaskInstance: weather_data.extract_data scheduled__2023-08-17T00:00:00+00:00 [queued]>
[2023-09-13T07:38:28.646+0000] {taskinstance.py:1103} INFO - Dependencies all met for dep_context=requeueable deps ti=<TaskInstance: weather_data.extract_data scheduled__2023-08-17T00:00:00+00:00 [queued]>
[2023-09-13T07:38:28.647+0000] {taskinstance.py:1308} INFO - Starting attempt 1 of 1
[2023-09-13T07:38:28.697+0000] {taskinstance.py:1327} INFO - Executing <Task(PythonOperator): extract_data> on 2023-08-17 00:00:00+00:00
[2023-09-13T07:38:28.707+0000] {standard_task_runner.py:57} INFO - Started process 93 to run task
[2023-09-13T07:38:28.725+0000] {standard_task_runner.py:84} INFO - Running: ['***', 'tasks', 'run', 'weather_data', 'extract_data', 'scheduled__2023-08-17T00:00:00+00:00', '--job-id', '16', '--raw', '--subdir', 'DAGS_FOLDER/weather_dag.py', '--cfg-path', '/tmp/tmpxl3k3lcm']
[2023-09-13T07:38:28.741+0000] {standard_task_runner.py:85} INFO - Job 16: Subtask extract_data
[2023-09-13T07:38:28.884+0000] {task_command.py:410} INFO - Running <TaskInstance: weather_data.extract_data scheduled__2023-08-17T00:00:00+00:00 [running]> on host 190733975a8f
[2023-09-13T07:38:29.127+0000] {taskinstance.py:1547} INFO - Exporting env vars: AIRFLOW_CTX_DAG_OWNER='***' AIRFLOW_CTX_DAG_ID='weather_data' AIRFLOW_CTX_TASK_ID='extract_data' AIRFLOW_CTX_EXECUTION_DATE='2023-08-17T00:00:00+00:00' AIRFLOW_CTX_TRY_NUMBER='1' AIRFLOW_CTX_DAG_RUN_ID='scheduled__2023-08-17T00:00:00+00:00'
[2023-09-13T07:38:29.440+0000] {python.py:183} INFO - Done. Returned value was: None
[2023-09-13T07:38:29.458+0000] {taskinstance.py:1350} INFO - Marking task as SUCCESS. dag_id=weather_data, task_id=extract_data, execution_date=20230817T000000, start_date=20230913T073828, end_date=20230913T073829
[2023-09-13T07:38:29.501+0000] {local_task_job_runner.py:225} INFO - Task exited with return code 0
[2023-09-13T07:38:29.520+0000] {taskinstance.py:2653} INFO - 0 downstream tasks scheduled from follow-on schedule check
[2023-09-15T11:31:05.780+0000] {taskinstance.py:1103} INFO - Dependencies all met for dep_context=non-requeueable deps ti=<TaskInstance: weather_data.extract_data scheduled__2023-08-17T00:00:00+00:00 [queued]>
[2023-09-15T11:31:05.824+0000] {taskinstance.py:1103} INFO - Dependencies all met for dep_context=requeueable deps ti=<TaskInstance: weather_data.extract_data scheduled__2023-08-17T00:00:00+00:00 [queued]>
[2023-09-15T11:31:05.825+0000] {taskinstance.py:1308} INFO - Starting attempt 1 of 1
[2023-09-15T11:31:05.909+0000] {taskinstance.py:1327} INFO - Executing <Task(PythonOperator): extract_data> on 2023-08-17 00:00:00+00:00
[2023-09-15T11:31:05.959+0000] {standard_task_runner.py:57} INFO - Started process 320 to run task
[2023-09-15T11:31:06.020+0000] {standard_task_runner.py:84} INFO - Running: ['***', 'tasks', 'run', 'weather_data', 'extract_data', 'scheduled__2023-08-17T00:00:00+00:00', '--job-id', '6', '--raw', '--subdir', 'DAGS_FOLDER/weather_dag.py', '--cfg-path', '/tmp/tmpe8z_lvnn']
[2023-09-15T11:31:06.039+0000] {standard_task_runner.py:85} INFO - Job 6: Subtask extract_data
[2023-09-15T11:31:06.281+0000] {task_command.py:410} INFO - Running <TaskInstance: weather_data.extract_data scheduled__2023-08-17T00:00:00+00:00 [running]> on host 4af8904e631c
[2023-09-15T11:31:06.810+0000] {taskinstance.py:1547} INFO - Exporting env vars: AIRFLOW_CTX_DAG_OWNER='***' AIRFLOW_CTX_DAG_ID='weather_data' AIRFLOW_CTX_TASK_ID='extract_data' AIRFLOW_CTX_EXECUTION_DATE='2023-08-17T00:00:00+00:00' AIRFLOW_CTX_TRY_NUMBER='1' AIRFLOW_CTX_DAG_RUN_ID='scheduled__2023-08-17T00:00:00+00:00'
[2023-09-15T11:31:07.593+0000] {python.py:183} INFO - Done. Returned value was: None
[2023-09-15T11:31:07.622+0000] {taskinstance.py:1350} INFO - Marking task as SUCCESS. dag_id=weather_data, task_id=extract_data, execution_date=20230817T000000, start_date=20230915T113105, end_date=20230915T113107
[2023-09-15T11:31:07.806+0000] {local_task_job_runner.py:225} INFO - Task exited with return code 0
[2023-09-15T11:31:07.862+0000] {taskinstance.py:2653} INFO - 0 downstream tasks scheduled from follow-on schedule check
