[2023-09-13T07:38:46.202+0000] {taskinstance.py:1103} INFO - Dependencies all met for dep_context=non-requeueable deps ti=<TaskInstance: weather_data.extract_data scheduled__2023-09-12T00:00:00+00:00 [queued]>
[2023-09-13T07:38:46.216+0000] {taskinstance.py:1103} INFO - Dependencies all met for dep_context=requeueable deps ti=<TaskInstance: weather_data.extract_data scheduled__2023-09-12T00:00:00+00:00 [queued]>
[2023-09-13T07:38:46.218+0000] {taskinstance.py:1308} INFO - Starting attempt 1 of 1
[2023-09-13T07:38:46.231+0000] {taskinstance.py:1327} INFO - Executing <Task(PythonOperator): extract_data> on 2023-09-12 00:00:00+00:00
[2023-09-13T07:38:46.239+0000] {standard_task_runner.py:57} INFO - Started process 153 to run task
[2023-09-13T07:38:46.249+0000] {standard_task_runner.py:84} INFO - Running: ['***', 'tasks', 'run', 'weather_data', 'extract_data', 'scheduled__2023-09-12T00:00:00+00:00', '--job-id', '42', '--raw', '--subdir', 'DAGS_FOLDER/weather_dag.py', '--cfg-path', '/tmp/tmpyz64a0qj']
[2023-09-13T07:38:46.251+0000] {standard_task_runner.py:85} INFO - Job 42: Subtask extract_data
[2023-09-13T07:38:46.320+0000] {task_command.py:410} INFO - Running <TaskInstance: weather_data.extract_data scheduled__2023-09-12T00:00:00+00:00 [running]> on host 190733975a8f
[2023-09-13T07:38:46.407+0000] {taskinstance.py:1547} INFO - Exporting env vars: AIRFLOW_CTX_DAG_OWNER='***' AIRFLOW_CTX_DAG_ID='weather_data' AIRFLOW_CTX_TASK_ID='extract_data' AIRFLOW_CTX_EXECUTION_DATE='2023-09-12T00:00:00+00:00' AIRFLOW_CTX_TRY_NUMBER='1' AIRFLOW_CTX_DAG_RUN_ID='scheduled__2023-09-12T00:00:00+00:00'
[2023-09-13T07:38:46.656+0000] {python.py:183} INFO - Done. Returned value was: None
[2023-09-13T07:38:46.667+0000] {taskinstance.py:1350} INFO - Marking task as SUCCESS. dag_id=weather_data, task_id=extract_data, execution_date=20230912T000000, start_date=20230913T073846, end_date=20230913T073846
[2023-09-13T07:38:46.698+0000] {local_task_job_runner.py:225} INFO - Task exited with return code 0
[2023-09-13T07:38:46.753+0000] {taskinstance.py:2653} INFO - 0 downstream tasks scheduled from follow-on schedule check
[2023-09-15T11:31:20.872+0000] {taskinstance.py:1103} INFO - Dependencies all met for dep_context=non-requeueable deps ti=<TaskInstance: weather_data.extract_data scheduled__2023-09-12T00:00:00+00:00 [queued]>
[2023-09-15T11:31:20.887+0000] {taskinstance.py:1103} INFO - Dependencies all met for dep_context=requeueable deps ti=<TaskInstance: weather_data.extract_data scheduled__2023-09-12T00:00:00+00:00 [queued]>
[2023-09-15T11:31:20.888+0000] {taskinstance.py:1308} INFO - Starting attempt 1 of 1
[2023-09-15T11:31:20.913+0000] {taskinstance.py:1327} INFO - Executing <Task(PythonOperator): extract_data> on 2023-09-12 00:00:00+00:00
[2023-09-15T11:31:20.919+0000] {standard_task_runner.py:57} INFO - Started process 382 to run task
[2023-09-15T11:31:20.930+0000] {standard_task_runner.py:84} INFO - Running: ['***', 'tasks', 'run', 'weather_data', 'extract_data', 'scheduled__2023-09-12T00:00:00+00:00', '--job-id', '33', '--raw', '--subdir', 'DAGS_FOLDER/weather_dag.py', '--cfg-path', '/tmp/tmp88fc9e_t']
[2023-09-15T11:31:20.932+0000] {standard_task_runner.py:85} INFO - Job 33: Subtask extract_data
[2023-09-15T11:31:21.005+0000] {task_command.py:410} INFO - Running <TaskInstance: weather_data.extract_data scheduled__2023-09-12T00:00:00+00:00 [running]> on host 4af8904e631c
[2023-09-15T11:31:21.094+0000] {taskinstance.py:1547} INFO - Exporting env vars: AIRFLOW_CTX_DAG_OWNER='***' AIRFLOW_CTX_DAG_ID='weather_data' AIRFLOW_CTX_TASK_ID='extract_data' AIRFLOW_CTX_EXECUTION_DATE='2023-09-12T00:00:00+00:00' AIRFLOW_CTX_TRY_NUMBER='1' AIRFLOW_CTX_DAG_RUN_ID='scheduled__2023-09-12T00:00:00+00:00'
[2023-09-15T11:31:21.363+0000] {python.py:183} INFO - Done. Returned value was: None
[2023-09-15T11:31:21.374+0000] {taskinstance.py:1350} INFO - Marking task as SUCCESS. dag_id=weather_data, task_id=extract_data, execution_date=20230912T000000, start_date=20230915T113120, end_date=20230915T113121
[2023-09-15T11:31:21.432+0000] {local_task_job_runner.py:225} INFO - Task exited with return code 0
[2023-09-15T11:31:21.450+0000] {taskinstance.py:2653} INFO - 0 downstream tasks scheduled from follow-on schedule check
