[2023-09-13T07:38:28.795+0000] {taskinstance.py:1103} INFO - Dependencies all met for dep_context=non-requeueable deps ti=<TaskInstance: weather_data.extract_data scheduled__2023-08-18T00:00:00+00:00 [queued]>
[2023-09-13T07:38:28.822+0000] {taskinstance.py:1103} INFO - Dependencies all met for dep_context=requeueable deps ti=<TaskInstance: weather_data.extract_data scheduled__2023-08-18T00:00:00+00:00 [queued]>
[2023-09-13T07:38:28.823+0000] {taskinstance.py:1308} INFO - Starting attempt 1 of 1
[2023-09-13T07:38:28.859+0000] {taskinstance.py:1327} INFO - Executing <Task(PythonOperator): extract_data> on 2023-08-18 00:00:00+00:00
[2023-09-13T07:38:28.876+0000] {standard_task_runner.py:57} INFO - Started process 99 to run task
[2023-09-13T07:38:28.900+0000] {standard_task_runner.py:84} INFO - Running: ['***', 'tasks', 'run', 'weather_data', 'extract_data', 'scheduled__2023-08-18T00:00:00+00:00', '--job-id', '24', '--raw', '--subdir', 'DAGS_FOLDER/weather_dag.py', '--cfg-path', '/tmp/tmp_f8nok5r']
[2023-09-13T07:38:28.904+0000] {standard_task_runner.py:85} INFO - Job 24: Subtask extract_data
[2023-09-13T07:38:29.093+0000] {task_command.py:410} INFO - Running <TaskInstance: weather_data.extract_data scheduled__2023-08-18T00:00:00+00:00 [running]> on host 190733975a8f
[2023-09-13T07:38:29.382+0000] {taskinstance.py:1547} INFO - Exporting env vars: AIRFLOW_CTX_DAG_OWNER='***' AIRFLOW_CTX_DAG_ID='weather_data' AIRFLOW_CTX_TASK_ID='extract_data' AIRFLOW_CTX_EXECUTION_DATE='2023-08-18T00:00:00+00:00' AIRFLOW_CTX_TRY_NUMBER='1' AIRFLOW_CTX_DAG_RUN_ID='scheduled__2023-08-18T00:00:00+00:00'
[2023-09-13T07:38:29.659+0000] {python.py:183} INFO - Done. Returned value was: None
[2023-09-13T07:38:29.670+0000] {taskinstance.py:1350} INFO - Marking task as SUCCESS. dag_id=weather_data, task_id=extract_data, execution_date=20230818T000000, start_date=20230913T073828, end_date=20230913T073829
[2023-09-13T07:38:29.703+0000] {local_task_job_runner.py:225} INFO - Task exited with return code 0
[2023-09-13T07:38:29.729+0000] {taskinstance.py:2653} INFO - 0 downstream tasks scheduled from follow-on schedule check
[2023-09-15T11:31:07.019+0000] {taskinstance.py:1103} INFO - Dependencies all met for dep_context=non-requeueable deps ti=<TaskInstance: weather_data.extract_data scheduled__2023-08-18T00:00:00+00:00 [queued]>
[2023-09-15T11:31:07.076+0000] {taskinstance.py:1103} INFO - Dependencies all met for dep_context=requeueable deps ti=<TaskInstance: weather_data.extract_data scheduled__2023-08-18T00:00:00+00:00 [queued]>
[2023-09-15T11:31:07.078+0000] {taskinstance.py:1308} INFO - Starting attempt 1 of 1
[2023-09-15T11:31:07.149+0000] {taskinstance.py:1327} INFO - Executing <Task(PythonOperator): extract_data> on 2023-08-18 00:00:00+00:00
[2023-09-15T11:31:07.172+0000] {standard_task_runner.py:57} INFO - Started process 326 to run task
[2023-09-15T11:31:07.252+0000] {standard_task_runner.py:84} INFO - Running: ['***', 'tasks', 'run', 'weather_data', 'extract_data', 'scheduled__2023-08-18T00:00:00+00:00', '--job-id', '8', '--raw', '--subdir', 'DAGS_FOLDER/weather_dag.py', '--cfg-path', '/tmp/tmpnezx4f07']
[2023-09-15T11:31:07.263+0000] {standard_task_runner.py:85} INFO - Job 8: Subtask extract_data
[2023-09-15T11:31:07.498+0000] {task_command.py:410} INFO - Running <TaskInstance: weather_data.extract_data scheduled__2023-08-18T00:00:00+00:00 [running]> on host 4af8904e631c
[2023-09-15T11:31:07.796+0000] {taskinstance.py:1547} INFO - Exporting env vars: AIRFLOW_CTX_DAG_OWNER='***' AIRFLOW_CTX_DAG_ID='weather_data' AIRFLOW_CTX_TASK_ID='extract_data' AIRFLOW_CTX_EXECUTION_DATE='2023-08-18T00:00:00+00:00' AIRFLOW_CTX_TRY_NUMBER='1' AIRFLOW_CTX_DAG_RUN_ID='scheduled__2023-08-18T00:00:00+00:00'
[2023-09-15T11:31:08.355+0000] {python.py:183} INFO - Done. Returned value was: None
[2023-09-15T11:31:08.389+0000] {taskinstance.py:1350} INFO - Marking task as SUCCESS. dag_id=weather_data, task_id=extract_data, execution_date=20230818T000000, start_date=20230915T113107, end_date=20230915T113108
[2023-09-15T11:31:08.513+0000] {local_task_job_runner.py:225} INFO - Task exited with return code 0
[2023-09-15T11:31:08.555+0000] {taskinstance.py:2653} INFO - 0 downstream tasks scheduled from follow-on schedule check
