[2023-09-13T07:38:42.747+0000] {taskinstance.py:1103} INFO - Dependencies all met for dep_context=non-requeueable deps ti=<TaskInstance: weather_data.extract_data scheduled__2023-08-30T00:00:00+00:00 [queued]>
[2023-09-13T07:38:42.760+0000] {taskinstance.py:1103} INFO - Dependencies all met for dep_context=requeueable deps ti=<TaskInstance: weather_data.extract_data scheduled__2023-08-30T00:00:00+00:00 [queued]>
[2023-09-13T07:38:42.761+0000] {taskinstance.py:1308} INFO - Starting attempt 1 of 1
[2023-09-13T07:38:42.782+0000] {taskinstance.py:1327} INFO - Executing <Task(PythonOperator): extract_data> on 2023-08-30 00:00:00+00:00
[2023-09-13T07:38:42.789+0000] {standard_task_runner.py:57} INFO - Started process 119 to run task
[2023-09-13T07:38:42.801+0000] {standard_task_runner.py:84} INFO - Running: ['***', 'tasks', 'run', 'weather_data', 'extract_data', 'scheduled__2023-08-30T00:00:00+00:00', '--job-id', '29', '--raw', '--subdir', 'DAGS_FOLDER/weather_dag.py', '--cfg-path', '/tmp/tmpi2idn7ds']
[2023-09-13T07:38:42.804+0000] {standard_task_runner.py:85} INFO - Job 29: Subtask extract_data
[2023-09-13T07:38:42.924+0000] {task_command.py:410} INFO - Running <TaskInstance: weather_data.extract_data scheduled__2023-08-30T00:00:00+00:00 [running]> on host 190733975a8f
[2023-09-13T07:38:43.139+0000] {taskinstance.py:1547} INFO - Exporting env vars: AIRFLOW_CTX_DAG_OWNER='***' AIRFLOW_CTX_DAG_ID='weather_data' AIRFLOW_CTX_TASK_ID='extract_data' AIRFLOW_CTX_EXECUTION_DATE='2023-08-30T00:00:00+00:00' AIRFLOW_CTX_TRY_NUMBER='1' AIRFLOW_CTX_DAG_RUN_ID='scheduled__2023-08-30T00:00:00+00:00'
[2023-09-13T07:38:43.554+0000] {python.py:183} INFO - Done. Returned value was: None
[2023-09-13T07:38:43.580+0000] {taskinstance.py:1350} INFO - Marking task as SUCCESS. dag_id=weather_data, task_id=extract_data, execution_date=20230830T000000, start_date=20230913T073842, end_date=20230913T073843
[2023-09-13T07:38:43.655+0000] {local_task_job_runner.py:225} INFO - Task exited with return code 0
[2023-09-13T07:38:43.681+0000] {taskinstance.py:2653} INFO - 0 downstream tasks scheduled from follow-on schedule check
[2023-09-15T11:31:19.552+0000] {taskinstance.py:1103} INFO - Dependencies all met for dep_context=non-requeueable deps ti=<TaskInstance: weather_data.extract_data scheduled__2023-08-30T00:00:00+00:00 [queued]>
[2023-09-15T11:31:19.563+0000] {taskinstance.py:1103} INFO - Dependencies all met for dep_context=requeueable deps ti=<TaskInstance: weather_data.extract_data scheduled__2023-08-30T00:00:00+00:00 [queued]>
[2023-09-15T11:31:19.564+0000] {taskinstance.py:1308} INFO - Starting attempt 1 of 1
[2023-09-15T11:31:19.606+0000] {taskinstance.py:1327} INFO - Executing <Task(PythonOperator): extract_data> on 2023-08-30 00:00:00+00:00
[2023-09-15T11:31:19.612+0000] {standard_task_runner.py:57} INFO - Started process 373 to run task
[2023-09-15T11:31:19.619+0000] {standard_task_runner.py:84} INFO - Running: ['***', 'tasks', 'run', 'weather_data', 'extract_data', 'scheduled__2023-08-30T00:00:00+00:00', '--job-id', '27', '--raw', '--subdir', 'DAGS_FOLDER/weather_dag.py', '--cfg-path', '/tmp/tmpdm8fn133']
[2023-09-15T11:31:19.626+0000] {standard_task_runner.py:85} INFO - Job 27: Subtask extract_data
[2023-09-15T11:31:19.747+0000] {task_command.py:410} INFO - Running <TaskInstance: weather_data.extract_data scheduled__2023-08-30T00:00:00+00:00 [running]> on host 4af8904e631c
[2023-09-15T11:31:20.018+0000] {taskinstance.py:1547} INFO - Exporting env vars: AIRFLOW_CTX_DAG_OWNER='***' AIRFLOW_CTX_DAG_ID='weather_data' AIRFLOW_CTX_TASK_ID='extract_data' AIRFLOW_CTX_EXECUTION_DATE='2023-08-30T00:00:00+00:00' AIRFLOW_CTX_TRY_NUMBER='1' AIRFLOW_CTX_DAG_RUN_ID='scheduled__2023-08-30T00:00:00+00:00'
[2023-09-15T11:31:20.364+0000] {python.py:183} INFO - Done. Returned value was: None
[2023-09-15T11:31:20.392+0000] {taskinstance.py:1350} INFO - Marking task as SUCCESS. dag_id=weather_data, task_id=extract_data, execution_date=20230830T000000, start_date=20230915T113119, end_date=20230915T113120
[2023-09-15T11:31:20.449+0000] {local_task_job_runner.py:225} INFO - Task exited with return code 0
[2023-09-15T11:31:20.483+0000] {taskinstance.py:2653} INFO - 0 downstream tasks scheduled from follow-on schedule check
