[2023-09-13T07:38:46.015+0000] {taskinstance.py:1103} INFO - Dependencies all met for dep_context=non-requeueable deps ti=<TaskInstance: weather_data.extract_data scheduled__2023-09-09T00:00:00+00:00 [queued]>
[2023-09-13T07:38:46.022+0000] {taskinstance.py:1103} INFO - Dependencies all met for dep_context=requeueable deps ti=<TaskInstance: weather_data.extract_data scheduled__2023-09-09T00:00:00+00:00 [queued]>
[2023-09-13T07:38:46.024+0000] {taskinstance.py:1308} INFO - Starting attempt 1 of 1
[2023-09-13T07:38:46.069+0000] {taskinstance.py:1327} INFO - Executing <Task(PythonOperator): extract_data> on 2023-09-09 00:00:00+00:00
[2023-09-13T07:38:46.087+0000] {standard_task_runner.py:57} INFO - Started process 152 to run task
[2023-09-13T07:38:46.096+0000] {standard_task_runner.py:84} INFO - Running: ['***', 'tasks', 'run', 'weather_data', 'extract_data', 'scheduled__2023-09-09T00:00:00+00:00', '--job-id', '41', '--raw', '--subdir', 'DAGS_FOLDER/weather_dag.py', '--cfg-path', '/tmp/tmp01qd8tsi']
[2023-09-13T07:38:46.099+0000] {standard_task_runner.py:85} INFO - Job 41: Subtask extract_data
[2023-09-13T07:38:46.182+0000] {task_command.py:410} INFO - Running <TaskInstance: weather_data.extract_data scheduled__2023-09-09T00:00:00+00:00 [running]> on host 190733975a8f
[2023-09-13T07:38:46.302+0000] {taskinstance.py:1547} INFO - Exporting env vars: AIRFLOW_CTX_DAG_OWNER='***' AIRFLOW_CTX_DAG_ID='weather_data' AIRFLOW_CTX_TASK_ID='extract_data' AIRFLOW_CTX_EXECUTION_DATE='2023-09-09T00:00:00+00:00' AIRFLOW_CTX_TRY_NUMBER='1' AIRFLOW_CTX_DAG_RUN_ID='scheduled__2023-09-09T00:00:00+00:00'
[2023-09-13T07:38:46.589+0000] {python.py:183} INFO - Done. Returned value was: None
[2023-09-13T07:38:46.600+0000] {taskinstance.py:1350} INFO - Marking task as SUCCESS. dag_id=weather_data, task_id=extract_data, execution_date=20230909T000000, start_date=20230913T073846, end_date=20230913T073846
[2023-09-13T07:38:46.632+0000] {local_task_job_runner.py:225} INFO - Task exited with return code 0
[2023-09-13T07:38:46.649+0000] {taskinstance.py:2653} INFO - 0 downstream tasks scheduled from follow-on schedule check
[2023-09-15T11:31:20.648+0000] {taskinstance.py:1103} INFO - Dependencies all met for dep_context=non-requeueable deps ti=<TaskInstance: weather_data.extract_data scheduled__2023-09-09T00:00:00+00:00 [queued]>
[2023-09-15T11:31:20.657+0000] {taskinstance.py:1103} INFO - Dependencies all met for dep_context=requeueable deps ti=<TaskInstance: weather_data.extract_data scheduled__2023-09-09T00:00:00+00:00 [queued]>
[2023-09-15T11:31:20.658+0000] {taskinstance.py:1308} INFO - Starting attempt 1 of 1
[2023-09-15T11:31:20.677+0000] {taskinstance.py:1327} INFO - Executing <Task(PythonOperator): extract_data> on 2023-09-09 00:00:00+00:00
[2023-09-15T11:31:20.687+0000] {standard_task_runner.py:57} INFO - Started process 380 to run task
[2023-09-15T11:31:20.699+0000] {standard_task_runner.py:84} INFO - Running: ['***', 'tasks', 'run', 'weather_data', 'extract_data', 'scheduled__2023-09-09T00:00:00+00:00', '--job-id', '31', '--raw', '--subdir', 'DAGS_FOLDER/weather_dag.py', '--cfg-path', '/tmp/tmplstxk_m0']
[2023-09-15T11:31:20.700+0000] {standard_task_runner.py:85} INFO - Job 31: Subtask extract_data
[2023-09-15T11:31:20.783+0000] {task_command.py:410} INFO - Running <TaskInstance: weather_data.extract_data scheduled__2023-09-09T00:00:00+00:00 [running]> on host 4af8904e631c
[2023-09-15T11:31:20.897+0000] {taskinstance.py:1547} INFO - Exporting env vars: AIRFLOW_CTX_DAG_OWNER='***' AIRFLOW_CTX_DAG_ID='weather_data' AIRFLOW_CTX_TASK_ID='extract_data' AIRFLOW_CTX_EXECUTION_DATE='2023-09-09T00:00:00+00:00' AIRFLOW_CTX_TRY_NUMBER='1' AIRFLOW_CTX_DAG_RUN_ID='scheduled__2023-09-09T00:00:00+00:00'
[2023-09-15T11:31:21.171+0000] {python.py:183} INFO - Done. Returned value was: None
[2023-09-15T11:31:21.183+0000] {taskinstance.py:1350} INFO - Marking task as SUCCESS. dag_id=weather_data, task_id=extract_data, execution_date=20230909T000000, start_date=20230915T113120, end_date=20230915T113121
[2023-09-15T11:31:21.236+0000] {local_task_job_runner.py:225} INFO - Task exited with return code 0
[2023-09-15T11:31:21.253+0000] {taskinstance.py:2653} INFO - 0 downstream tasks scheduled from follow-on schedule check
