[2023-09-20T06:36:11.662+0000] {taskinstance.py:1157} INFO - Dependencies all met for dep_context=non-requeueable deps ti=<TaskInstance: weather_data.create_chart manual__2023-09-20T06:36:08.785867+00:00 [queued]>
[2023-09-20T06:36:11.665+0000] {taskinstance.py:1157} INFO - Dependencies all met for dep_context=requeueable deps ti=<TaskInstance: weather_data.create_chart manual__2023-09-20T06:36:08.785867+00:00 [queued]>
[2023-09-20T06:36:11.666+0000] {taskinstance.py:1359} INFO - Starting attempt 1 of 1
[2023-09-20T06:36:11.671+0000] {taskinstance.py:1380} INFO - Executing <Task(PythonVirtualenvOperator): create_chart> on 2023-09-20 06:36:08.785867+00:00
[2023-09-20T06:36:11.675+0000] {standard_task_runner.py:57} INFO - Started process 2625 to run task
[2023-09-20T06:36:11.678+0000] {standard_task_runner.py:84} INFO - Running: ['***', 'tasks', 'run', 'weather_data', 'create_chart', 'manual__2023-09-20T06:36:08.785867+00:00', '--job-id', '85', '--raw', '--subdir', 'DAGS_FOLDER/weather_dag.py', '--cfg-path', '/tmp/tmpvlta2aar']
[2023-09-20T06:36:11.679+0000] {standard_task_runner.py:85} INFO - Job 85: Subtask create_chart
[2023-09-20T06:36:11.705+0000] {task_command.py:415} INFO - Running <TaskInstance: weather_data.create_chart manual__2023-09-20T06:36:08.785867+00:00 [running]> on host 90bb52186339
[2023-09-20T06:36:11.740+0000] {taskinstance.py:1660} INFO - Exporting env vars: AIRFLOW_CTX_DAG_OWNER='***' AIRFLOW_CTX_DAG_ID='weather_data' AIRFLOW_CTX_TASK_ID='create_chart' AIRFLOW_CTX_EXECUTION_DATE='2023-09-20T06:36:08.785867+00:00' AIRFLOW_CTX_TRY_NUMBER='1' AIRFLOW_CTX_DAG_RUN_ID='manual__2023-09-20T06:36:08.785867+00:00'
[2023-09-20T06:36:11.742+0000] {process_utils.py:182} INFO - Executing cmd: /usr/local/bin/python -m virtualenv /tmp/venv7aruicjg --system-site-packages
[2023-09-20T06:36:11.749+0000] {process_utils.py:186} INFO - Output:
[2023-09-20T06:36:12.308+0000] {process_utils.py:190} INFO - created virtual environment CPython3.8.18.final.0-64 in 153ms
[2023-09-20T06:36:12.309+0000] {process_utils.py:190} INFO -   creator CPython3Posix(dest=/tmp/venv7aruicjg, clear=False, no_vcs_ignore=False, global=True)
[2023-09-20T06:36:12.309+0000] {process_utils.py:190} INFO -   seeder FromAppData(download=False, pip=bundle, setuptools=bundle, wheel=bundle, via=copy, app_data_dir=/home/***/.local/share/virtualenv)
[2023-09-20T06:36:12.310+0000] {process_utils.py:190} INFO -     added seed packages: pip==23.2, setuptools==68.0.0, wheel==0.40.0
[2023-09-20T06:36:12.310+0000] {process_utils.py:190} INFO -   activators BashActivator,CShellActivator,FishActivator,NushellActivator,PowerShellActivator,PythonActivator
[2023-09-20T06:36:12.330+0000] {process_utils.py:182} INFO - Executing cmd: /tmp/venv7aruicjg/bin/pip install -r /tmp/venv7aruicjg/requirements.txt
[2023-09-20T06:36:12.337+0000] {process_utils.py:186} INFO - Output:
[2023-09-20T06:36:13.172+0000] {process_utils.py:190} INFO - Requirement already satisfied: pandas in /home/***/.local/lib/python3.8/site-packages (from -r /tmp/venv7aruicjg/requirements.txt (line 1)) (2.0.3)
[2023-09-20T06:36:13.544+0000] {process_utils.py:190} INFO - Collecting matplotlib (from -r /tmp/venv7aruicjg/requirements.txt (line 2))
[2023-09-20T06:36:13.544+0000] {process_utils.py:190} INFO -   Obtaining dependency information for matplotlib from https://files.pythonhosted.org/packages/84/76/9267af394cb88ce5245b5a9d328ee90ccd5710a1d08b0ec363c3a86cd992/matplotlib-3.7.3-cp38-cp38-manylinux_2_17_aarch64.manylinux2014_aarch64.whl.metadata
[2023-09-20T06:36:13.805+0000] {process_utils.py:190} INFO -   Downloading matplotlib-3.7.3-cp38-cp38-manylinux_2_17_aarch64.manylinux2014_aarch64.whl.metadata (5.7 kB)
[2023-09-20T06:36:13.886+0000] {process_utils.py:190} INFO - Requirement already satisfied: python-dateutil>=2.8.2 in /home/***/.local/lib/python3.8/site-packages (from pandas->-r /tmp/venv7aruicjg/requirements.txt (line 1)) (2.8.2)
[2023-09-20T06:36:13.887+0000] {process_utils.py:190} INFO - Requirement already satisfied: pytz>=2020.1 in /home/***/.local/lib/python3.8/site-packages (from pandas->-r /tmp/venv7aruicjg/requirements.txt (line 1)) (2023.3)
[2023-09-20T06:36:13.887+0000] {process_utils.py:190} INFO - Requirement already satisfied: tzdata>=2022.1 in /home/***/.local/lib/python3.8/site-packages (from pandas->-r /tmp/venv7aruicjg/requirements.txt (line 1)) (2023.3)
[2023-09-20T06:36:13.888+0000] {process_utils.py:190} INFO - Requirement already satisfied: numpy>=1.20.3 in /home/***/.local/lib/python3.8/site-packages (from pandas->-r /tmp/venv7aruicjg/requirements.txt (line 1)) (1.24.4)
[2023-09-20T06:36:13.997+0000] {process_utils.py:190} INFO - Collecting contourpy>=1.0.1 (from matplotlib->-r /tmp/venv7aruicjg/requirements.txt (line 2))
[2023-09-20T06:36:13.997+0000] {process_utils.py:190} INFO -   Obtaining dependency information for contourpy>=1.0.1 from https://files.pythonhosted.org/packages/9b/cb/08f884c4c2efd433a38876b1b8069bfecef3f2d21ff0ce635d455962f70f/contourpy-1.1.1-cp38-cp38-manylinux_2_17_aarch64.manylinux2014_aarch64.whl.metadata
[2023-09-20T06:36:14.047+0000] {process_utils.py:190} INFO -   Downloading contourpy-1.1.1-cp38-cp38-manylinux_2_17_aarch64.manylinux2014_aarch64.whl.metadata (5.9 kB)
[2023-09-20T06:36:14.119+0000] {process_utils.py:190} INFO - Collecting cycler>=0.10 (from matplotlib->-r /tmp/venv7aruicjg/requirements.txt (line 2))
[2023-09-20T06:36:14.167+0000] {process_utils.py:190} INFO -   Downloading cycler-0.11.0-py3-none-any.whl (6.4 kB)
[2023-09-20T06:36:14.303+0000] {process_utils.py:190} INFO - Collecting fonttools>=4.22.0 (from matplotlib->-r /tmp/venv7aruicjg/requirements.txt (line 2))
[2023-09-20T06:36:14.303+0000] {process_utils.py:190} INFO -   Obtaining dependency information for fonttools>=4.22.0 from https://files.pythonhosted.org/packages/61/3f/68c99c2b5fb29f42ba22027d035ae08f0b2ea0178fbf00e7cef730b1a809/fonttools-4.42.1-cp38-cp38-manylinux_2_17_aarch64.manylinux2014_aarch64.whl.metadata
[2023-09-20T06:36:14.355+0000] {process_utils.py:190} INFO -   Downloading fonttools-4.42.1-cp38-cp38-manylinux_2_17_aarch64.manylinux2014_aarch64.whl.metadata (150 kB)
[2023-09-20T06:36:14.439+0000] {process_utils.py:190} INFO -      â”â”â”â”â”â”â”â”â”â”â”â”â”â”â”â”â”â”â”â”â”â”â”â”â”â”â”â”â”â”â”â”â”â”â”â”â”â”â” 151.0/151.0 kB 1.9 MB/s eta 0:00:00
[2023-09-20T06:36:14.557+0000] {process_utils.py:190} INFO - Collecting kiwisolver>=1.0.1 (from matplotlib->-r /tmp/venv7aruicjg/requirements.txt (line 2))
[2023-09-20T06:36:14.558+0000] {process_utils.py:190} INFO -   Obtaining dependency information for kiwisolver>=1.0.1 from https://files.pythonhosted.org/packages/10/15/0c225864a00eb3dbd3d04b6465f331dc12a6e80673449166457b9566036d/kiwisolver-1.4.5-cp38-cp38-manylinux_2_17_aarch64.manylinux2014_aarch64.whl.metadata
[2023-09-20T06:36:14.609+0000] {process_utils.py:190} INFO -   Downloading kiwisolver-1.4.5-cp38-cp38-manylinux_2_17_aarch64.manylinux2014_aarch64.whl.metadata (6.4 kB)
[2023-09-20T06:36:14.614+0000] {process_utils.py:190} INFO - Requirement already satisfied: packaging>=20.0 in /home/***/.local/lib/python3.8/site-packages (from matplotlib->-r /tmp/venv7aruicjg/requirements.txt (line 2)) (23.1)
[2023-09-20T06:36:14.871+0000] {process_utils.py:190} INFO - Collecting pillow>=6.2.0 (from matplotlib->-r /tmp/venv7aruicjg/requirements.txt (line 2))
[2023-09-20T06:36:14.872+0000] {process_utils.py:190} INFO -   Obtaining dependency information for pillow>=6.2.0 from https://files.pythonhosted.org/packages/2e/17/f19ad27effaf9b1ce6fe88d9f238d430293c486e33fdac71f037153cfd37/Pillow-10.0.1-cp38-cp38-manylinux_2_28_aarch64.whl.metadata
[2023-09-20T06:36:15.025+0000] {process_utils.py:190} INFO -   Downloading Pillow-10.0.1-cp38-cp38-manylinux_2_28_aarch64.whl.metadata (9.5 kB)
[2023-09-20T06:36:15.032+0000] {process_utils.py:190} INFO - Requirement already satisfied: pyparsing>=2.3.1 in /home/***/.local/lib/python3.8/site-packages (from matplotlib->-r /tmp/venv7aruicjg/requirements.txt (line 2)) (3.1.1)
[2023-09-20T06:36:15.033+0000] {process_utils.py:190} INFO - Requirement already satisfied: importlib-resources>=3.2.0 in /home/***/.local/lib/python3.8/site-packages (from matplotlib->-r /tmp/venv7aruicjg/requirements.txt (line 2)) (6.0.1)
[2023-09-20T06:36:15.074+0000] {process_utils.py:190} INFO - Requirement already satisfied: zipp>=3.1.0 in /home/***/.local/lib/python3.8/site-packages (from importlib-resources>=3.2.0->matplotlib->-r /tmp/venv7aruicjg/requirements.txt (line 2)) (3.16.2)
[2023-09-20T06:36:15.085+0000] {process_utils.py:190} INFO - Requirement already satisfied: six>=1.5 in /home/***/.local/lib/python3.8/site-packages (from python-dateutil>=2.8.2->pandas->-r /tmp/venv7aruicjg/requirements.txt (line 1)) (1.16.0)
[2023-09-20T06:36:15.159+0000] {process_utils.py:190} INFO - Downloading matplotlib-3.7.3-cp38-cp38-manylinux_2_17_aarch64.manylinux2014_aarch64.whl (11.4 MB)
[2023-09-20T06:36:15.820+0000] {process_utils.py:190} INFO -    â”â”â”â”â”â”â”â”â”â”â”â”â”â”â”â”â”â”â”â”â”â”â”â”â”â”â”â”â”â”â”â”â”â”â”â”â”â”â”â” 11.4/11.4 MB 18.6 MB/s eta 0:00:00
[2023-09-20T06:36:15.876+0000] {process_utils.py:190} INFO - Downloading contourpy-1.1.1-cp38-cp38-manylinux_2_17_aarch64.manylinux2014_aarch64.whl (285 kB)
[2023-09-20T06:36:15.890+0000] {process_utils.py:190} INFO -    â”â”â”â”â”â”â”â”â”â”â”â”â”â”â”â”â”â”â”â”â”â”â”â”â”â”â”â”â”â”â”â”â”â”â”â”â”â”â”â” 285.8/285.8 kB 22.5 MB/s eta 0:00:00
[2023-09-20T06:36:15.942+0000] {process_utils.py:190} INFO - Downloading fonttools-4.42.1-cp38-cp38-manylinux_2_17_aarch64.manylinux2014_aarch64.whl (4.5 MB)
[2023-09-20T06:36:16.104+0000] {process_utils.py:190} INFO -    â”â”â”â”â”â”â”â”â”â”â”â”â”â”â”â”â”â”â”â”â”â”â”â”â”â”â”â”â”â”â”â”â”â”â”â”â”â”â”â” 4.5/4.5 MB 28.2 MB/s eta 0:00:00
[2023-09-20T06:36:16.158+0000] {process_utils.py:190} INFO - Downloading kiwisolver-1.4.5-cp38-cp38-manylinux_2_17_aarch64.manylinux2014_aarch64.whl (1.4 MB)
[2023-09-20T06:36:16.276+0000] {process_utils.py:190} INFO -    â”â”â”â”â”â”â”â”â”â”â”â”â”â”â”â”â”â”â”â”â”â”â”â”â”â”â”â”â”â”â”â”â”â”â”â”â”â”â”â” 1.4/1.4 MB 11.9 MB/s eta 0:00:00
[2023-09-20T06:36:16.330+0000] {process_utils.py:190} INFO - Downloading Pillow-10.0.1-cp38-cp38-manylinux_2_28_aarch64.whl (3.5 MB)
[2023-09-20T06:36:16.470+0000] {process_utils.py:190} INFO -    â”â”â”â”â”â”â”â”â”â”â”â”â”â”â”â”â”â”â”â”â”â”â”â”â”â”â”â”â”â”â”â”â”â”â”â”â”â”â”â” 3.5/3.5 MB 25.0 MB/s eta 0:00:00
[2023-09-20T06:36:18.544+0000] {process_utils.py:190} INFO - Installing collected packages: pillow, kiwisolver, fonttools, cycler, contourpy, matplotlib
[2023-09-20T06:36:19.958+0000] {process_utils.py:190} INFO - Successfully installed contourpy-1.1.1 cycler-0.11.0 fonttools-4.42.1 kiwisolver-1.4.5 matplotlib-3.7.3 pillow-10.0.1
[2023-09-20T06:36:20.148+0000] {process_utils.py:190} INFO - 
[2023-09-20T06:36:20.149+0000] {process_utils.py:190} INFO - [notice] A new release of pip is available: 23.2 -> 23.2.1
[2023-09-20T06:36:20.149+0000] {process_utils.py:190} INFO - [notice] To update, run: python -m pip install --upgrade pip
[2023-09-20T06:36:20.273+0000] {process_utils.py:182} INFO - Executing cmd: /tmp/venv7aruicjg/bin/python /tmp/venv7aruicjg/script.py /tmp/venv7aruicjg/script.in /tmp/venv7aruicjg/script.out /tmp/venv7aruicjg/string_args.txt /tmp/venv7aruicjg/termination.log
[2023-09-20T06:36:20.280+0000] {process_utils.py:186} INFO - Output:
[2023-09-20T06:36:21.114+0000] {process_utils.py:190} INFO - [[34m2023-09-20T06:36:21.113+0000[0m] {[34mfont_manager.py:[0m1547} INFO[0m - generated new fontManager[0m
[2023-09-20T06:36:21.412+0000] {process_utils.py:190} INFO - [[34m2023-09-20T06:36:21.412+0000[0m] {[34mcategory.py:[0m223} INFO[0m - Using categorical units to plot a list of strings that are all parsable as floats or dates. If these strings should be plotted as numbers, cast to the appropriate data type before plotting.[0m
[2023-09-20T06:36:21.413+0000] {process_utils.py:190} INFO - [[34m2023-09-20T06:36:21.413+0000[0m] {[34mcategory.py:[0m223} INFO[0m - Using categorical units to plot a list of strings that are all parsable as floats or dates. If these strings should be plotted as numbers, cast to the appropriate data type before plotting.[0m
[2023-09-20T06:36:21.414+0000] {process_utils.py:190} INFO - [[34m2023-09-20T06:36:21.414+0000[0m] {[34mcategory.py:[0m223} INFO[0m - Using categorical units to plot a list of strings that are all parsable as floats or dates. If these strings should be plotted as numbers, cast to the appropriate data type before plotting.[0m
[2023-09-20T06:36:21.415+0000] {process_utils.py:190} INFO - [[34m2023-09-20T06:36:21.414+0000[0m] {[34mcategory.py:[0m223} INFO[0m - Using categorical units to plot a list of strings that are all parsable as floats or dates. If these strings should be plotted as numbers, cast to the appropriate data type before plotting.[0m
[2023-09-20T06:36:21.764+0000] {python.py:194} INFO - Done. Returned value was: None
[2023-09-20T06:36:21.771+0000] {taskinstance.py:1398} INFO - Marking task as SUCCESS. dag_id=weather_data, task_id=create_chart, execution_date=20230920T063608, start_date=20230920T063611, end_date=20230920T063621
[2023-09-20T06:36:21.795+0000] {local_task_job_runner.py:228} INFO - Task exited with return code 0
[2023-09-20T06:36:21.803+0000] {taskinstance.py:2776} INFO - 0 downstream tasks scheduled from follow-on schedule check
