[2023-09-13T07:38:45.630+0000] {taskinstance.py:1103} INFO - Dependencies all met for dep_context=non-requeueable deps ti=<TaskInstance: weather_data.extract_data scheduled__2023-09-06T00:00:00+00:00 [queued]>
[2023-09-13T07:38:45.653+0000] {taskinstance.py:1103} INFO - Dependencies all met for dep_context=requeueable deps ti=<TaskInstance: weather_data.extract_data scheduled__2023-09-06T00:00:00+00:00 [queued]>
[2023-09-13T07:38:45.654+0000] {taskinstance.py:1308} INFO - Starting attempt 1 of 1
[2023-09-13T07:38:45.687+0000] {taskinstance.py:1327} INFO - Executing <Task(PythonOperator): extract_data> on 2023-09-06 00:00:00+00:00
[2023-09-13T07:38:45.703+0000] {standard_task_runner.py:57} INFO - Started process 149 to run task
[2023-09-13T07:38:45.719+0000] {standard_task_runner.py:84} INFO - Running: ['***', 'tasks', 'run', 'weather_data', 'extract_data', 'scheduled__2023-09-06T00:00:00+00:00', '--job-id', '38', '--raw', '--subdir', 'DAGS_FOLDER/weather_dag.py', '--cfg-path', '/tmp/tmp_y_f3n5_']
[2023-09-13T07:38:45.722+0000] {standard_task_runner.py:85} INFO - Job 38: Subtask extract_data
[2023-09-13T07:38:45.887+0000] {task_command.py:410} INFO - Running <TaskInstance: weather_data.extract_data scheduled__2023-09-06T00:00:00+00:00 [running]> on host 190733975a8f
[2023-09-13T07:38:46.073+0000] {taskinstance.py:1547} INFO - Exporting env vars: AIRFLOW_CTX_DAG_OWNER='***' AIRFLOW_CTX_DAG_ID='weather_data' AIRFLOW_CTX_TASK_ID='extract_data' AIRFLOW_CTX_EXECUTION_DATE='2023-09-06T00:00:00+00:00' AIRFLOW_CTX_TRY_NUMBER='1' AIRFLOW_CTX_DAG_RUN_ID='scheduled__2023-09-06T00:00:00+00:00'
[2023-09-13T07:38:46.344+0000] {python.py:183} INFO - Done. Returned value was: None
[2023-09-13T07:38:46.355+0000] {taskinstance.py:1350} INFO - Marking task as SUCCESS. dag_id=weather_data, task_id=extract_data, execution_date=20230906T000000, start_date=20230913T073845, end_date=20230913T073846
[2023-09-13T07:38:46.410+0000] {local_task_job_runner.py:225} INFO - Task exited with return code 0
[2023-09-13T07:38:46.427+0000] {taskinstance.py:2653} INFO - 0 downstream tasks scheduled from follow-on schedule check
[2023-09-15T11:31:20.096+0000] {taskinstance.py:1103} INFO - Dependencies all met for dep_context=non-requeueable deps ti=<TaskInstance: weather_data.extract_data scheduled__2023-09-06T00:00:00+00:00 [queued]>
[2023-09-15T11:31:20.115+0000] {taskinstance.py:1103} INFO - Dependencies all met for dep_context=requeueable deps ti=<TaskInstance: weather_data.extract_data scheduled__2023-09-06T00:00:00+00:00 [queued]>
[2023-09-15T11:31:20.116+0000] {taskinstance.py:1308} INFO - Starting attempt 1 of 1
[2023-09-15T11:31:20.135+0000] {taskinstance.py:1327} INFO - Executing <Task(PythonOperator): extract_data> on 2023-09-06 00:00:00+00:00
[2023-09-15T11:31:20.145+0000] {standard_task_runner.py:57} INFO - Started process 377 to run task
[2023-09-15T11:31:20.154+0000] {standard_task_runner.py:84} INFO - Running: ['***', 'tasks', 'run', 'weather_data', 'extract_data', 'scheduled__2023-09-06T00:00:00+00:00', '--job-id', '29', '--raw', '--subdir', 'DAGS_FOLDER/weather_dag.py', '--cfg-path', '/tmp/tmpx9s97gwd']
[2023-09-15T11:31:20.156+0000] {standard_task_runner.py:85} INFO - Job 29: Subtask extract_data
[2023-09-15T11:31:20.235+0000] {task_command.py:410} INFO - Running <TaskInstance: weather_data.extract_data scheduled__2023-09-06T00:00:00+00:00 [running]> on host 4af8904e631c
[2023-09-15T11:31:20.411+0000] {taskinstance.py:1547} INFO - Exporting env vars: AIRFLOW_CTX_DAG_OWNER='***' AIRFLOW_CTX_DAG_ID='weather_data' AIRFLOW_CTX_TASK_ID='extract_data' AIRFLOW_CTX_EXECUTION_DATE='2023-09-06T00:00:00+00:00' AIRFLOW_CTX_TRY_NUMBER='1' AIRFLOW_CTX_DAG_RUN_ID='scheduled__2023-09-06T00:00:00+00:00'
[2023-09-15T11:31:20.723+0000] {python.py:183} INFO - Done. Returned value was: None
[2023-09-15T11:31:20.734+0000] {taskinstance.py:1350} INFO - Marking task as SUCCESS. dag_id=weather_data, task_id=extract_data, execution_date=20230906T000000, start_date=20230915T113120, end_date=20230915T113120
[2023-09-15T11:31:20.810+0000] {local_task_job_runner.py:225} INFO - Task exited with return code 0
[2023-09-15T11:31:20.838+0000] {taskinstance.py:2653} INFO - 0 downstream tasks scheduled from follow-on schedule check
